<?xml version="1.0" encoding="UTF-8"?>
<testsuite name="com.example.demo.NoteApplicationTests" tests="1" skipped="0" failures="0" errors="0" timestamp="2023-11-14T07:36:01" hostname="dev" time="0.679">
  <properties/>
  <testcase name="contextLoads()" classname="com.example.demo.NoteApplicationTests" time="0.679"/>
  <system-out><![CDATA[02:35:52.150 [Test worker] INFO org.springframework.test.context.support.AnnotationConfigContextLoaderUtils -- Could not detect default configuration classes for test class [com.example.demo.NoteApplicationTests]: NoteApplicationTests does not declare any static, non-private, non-final, nested classes annotated with @Configuration.
02:35:52.440 [Test worker] INFO org.springframework.boot.test.context.SpringBootTestContextBootstrapper -- Found @SpringBootConfiguration com.example.demo.NoteApplication for test class com.example.demo.NoteApplicationTests

  .   ____          _            __ _ _
 /\\ / ___'_ __ _ _(_)_ __  __ _ \ \ \ \
( ( )\___ | '_ | '_| | '_ \/ _` | \ \ \ \
 \\/  ___)| |_)| | | | | || (_| |  ) ) ) )
  '  |____| .__|_| |_|_| |_\__, | / / / /
 =========|_|==============|___/=/_/_/_/
 :: Spring Boot ::                (v3.1.5)

2023-11-14T02:35:53.125-05:00  INFO 21187 --- [    Test worker] com.example.demo.NoteApplicationTests    : Starting NoteApplicationTests using Java 17.0.9 with PID 21187 (started by ro in /home/ro/java/note)
2023-11-14T02:35:53.131-05:00  INFO 21187 --- [    Test worker] com.example.demo.NoteApplicationTests    : No active profile set, falling back to 1 default profile: "default"
2023-11-14T02:35:54.733-05:00  INFO 21187 --- [    Test worker] .s.d.r.c.RepositoryConfigurationDelegate : Bootstrapping Spring Data JPA repositories in DEFAULT mode.
2023-11-14T02:35:54.821-05:00  INFO 21187 --- [    Test worker] .s.d.r.c.RepositoryConfigurationDelegate : Finished Spring Data repository scanning in 76 ms. Found 2 JPA repository interfaces.
2023-11-14T02:35:55.795-05:00  INFO 21187 --- [    Test worker] o.hibernate.jpa.internal.util.LogHelper  : HHH000204: Processing PersistenceUnitInfo [name: default]
2023-11-14T02:35:55.864-05:00  INFO 21187 --- [    Test worker] org.hibernate.Version                    : HHH000412: Hibernate ORM core version 6.2.13.Final
2023-11-14T02:35:55.868-05:00  INFO 21187 --- [    Test worker] org.hibernate.cfg.Environment            : HHH000406: Using bytecode reflection optimizer
2023-11-14T02:35:56.234-05:00  INFO 21187 --- [    Test worker] o.s.o.j.p.SpringPersistenceUnitInfo      : No LoadTimeWeaver setup: ignoring JPA class transformer
2023-11-14T02:35:56.267-05:00  INFO 21187 --- [    Test worker] com.zaxxer.hikari.HikariDataSource       : HikariPool-1 - Starting...
2023-11-14T02:35:56.745-05:00  INFO 21187 --- [    Test worker] com.zaxxer.hikari.pool.HikariPool        : HikariPool-1 - Added connection org.postgresql.jdbc.PgConnection@14b5325f
2023-11-14T02:35:56.748-05:00  INFO 21187 --- [    Test worker] com.zaxxer.hikari.HikariDataSource       : HikariPool-1 - Start completed.
2023-11-14T02:35:57.074-05:00  WARN 21187 --- [    Test worker] org.hibernate.orm.deprecation            : HHH90000025: PostgreSQLDialect does not need to be specified explicitly using 'hibernate.dialect' (remove the property setting and it will be selected by default)
2023-11-14T02:35:58.412-05:00  INFO 21187 --- [    Test worker] o.h.e.t.j.p.i.JtaPlatformInitiator       : HHH000489: No JTA platform available (set 'hibernate.transaction.jta.platform' to enable JTA platform integration)
2023-11-14T02:35:58.545-05:00  INFO 21187 --- [    Test worker] j.LocalContainerEntityManagerFactoryBean : Initialized JPA EntityManagerFactory for persistence unit 'default'
2023-11-14T02:35:59.224-05:00  WARN 21187 --- [    Test worker] JpaBaseConfiguration$JpaWebConfiguration : spring.jpa.open-in-view is enabled by default. Therefore, database queries may be performed during view rendering. Explicitly configure spring.jpa.open-in-view to disable this warning
2023-11-14T02:35:59.532-05:00  INFO 21187 --- [    Test worker] o.s.s.web.DefaultSecurityFilterChain     : Will secure any request with [org.springframework.security.web.session.DisableEncodeUrlFilter@5f6b1f19, org.springframework.security.web.context.request.async.WebAsyncManagerIntegrationFilter@253c7189, org.springframework.security.web.context.SecurityContextHolderFilter@53630682, org.springframework.security.web.header.HeaderWriterFilter@12a8d03b, org.springframework.security.web.csrf.CsrfFilter@6e669b5c, org.springframework.security.web.authentication.logout.LogoutFilter@3b44ed3c, org.springframework.security.web.authentication.UsernamePasswordAuthenticationFilter@6a087c72, org.springframework.security.web.savedrequest.RequestCacheAwareFilter@8318808, org.springframework.security.web.servletapi.SecurityContextHolderAwareRequestFilter@408bb173, org.springframework.security.web.authentication.AnonymousAuthenticationFilter@cfe72b0, org.springframework.security.web.access.ExceptionTranslationFilter@2e76ade9, org.springframework.security.web.access.intercept.AuthorizationFilter@1d2ce035]
2023-11-14T02:36:01.206-05:00  INFO 21187 --- [    Test worker] com.example.demo.NoteApplicationTests    : Started NoteApplicationTests in 8.521 seconds (process running for 10.65)
]]></system-out>
  <system-err><![CDATA[]]></system-err>
</testsuite>
