<?xml version="1.0" encoding="UTF-8"?>
<testsuite name="com.example.demo.NoteApplicationTests" tests="1" skipped="0" failures="0" errors="0" timestamp="2023-11-19T07:34:23" hostname="dev" time="0.789">
  <properties/>
  <testcase name="contextLoads()" classname="com.example.demo.NoteApplicationTests" time="0.789"/>
  <system-out><![CDATA[02:34:09.734 [Test worker] INFO org.springframework.test.context.support.AnnotationConfigContextLoaderUtils -- Could not detect default configuration classes for test class [com.example.demo.NoteApplicationTests]: NoteApplicationTests does not declare any static, non-private, non-final, nested classes annotated with @Configuration.
02:34:09.873 [Test worker] INFO org.springframework.boot.test.context.SpringBootTestContextBootstrapper -- Found @SpringBootConfiguration com.example.demo.NoteApplication for test class com.example.demo.NoteApplicationTests

  .   ____          _            __ _ _
 /\\ / ___'_ __ _ _(_)_ __  __ _ \ \ \ \
( ( )\___ | '_ | '_| | '_ \/ _` | \ \ \ \
 \\/  ___)| |_)| | | | | || (_| |  ) ) ) )
  '  |____| .__|_| |_|_| |_\__, | / / / /
 =========|_|==============|___/=/_/_/_/
 :: Spring Boot ::                (v3.1.5)

2023-11-19T02:34:10.369-05:00  INFO 4160806 --- [    Test worker] com.example.demo.NoteApplicationTests    : Starting NoteApplicationTests using Java 17.0.9 with PID 4160806 (started by ro in /home/ro/java/note)
2023-11-19T02:34:10.372-05:00  INFO 4160806 --- [    Test worker] com.example.demo.NoteApplicationTests    : No active profile set, falling back to 1 default profile: "default"
2023-11-19T02:34:11.685-05:00  INFO 4160806 --- [    Test worker] .s.d.r.c.RepositoryConfigurationDelegate : Bootstrapping Spring Data JPA repositories in DEFAULT mode.
2023-11-19T02:34:11.767-05:00  INFO 4160806 --- [    Test worker] .s.d.r.c.RepositoryConfigurationDelegate : Finished Spring Data repository scanning in 73 ms. Found 2 JPA repository interfaces.
2023-11-19T02:34:12.243-05:00  INFO 4160806 --- [    Test worker] ptablePropertiesBeanFactoryPostProcessor : Post-processing PropertySource instances
2023-11-19T02:34:12.245-05:00  INFO 4160806 --- [    Test worker] c.u.j.EncryptablePropertySourceConverter : Skipping PropertySource configurationProperties [class org.springframework.boot.context.properties.source.ConfigurationPropertySourcesPropertySource
2023-11-19T02:34:12.248-05:00  INFO 4160806 --- [    Test worker] c.u.j.EncryptablePropertySourceConverter : Converting PropertySource test [org.springframework.core.env.MapPropertySource] to EncryptableMapPropertySourceWrapper
2023-11-19T02:34:12.249-05:00  INFO 4160806 --- [    Test worker] c.u.j.EncryptablePropertySourceConverter : Converting PropertySource Inlined Test Properties [org.springframework.core.env.MapPropertySource] to EncryptableMapPropertySourceWrapper
2023-11-19T02:34:12.249-05:00  INFO 4160806 --- [    Test worker] c.u.j.EncryptablePropertySourceConverter : Skipping PropertySource servletConfigInitParams [class org.springframework.core.env.PropertySource$StubPropertySource
2023-11-19T02:34:12.250-05:00  INFO 4160806 --- [    Test worker] c.u.j.EncryptablePropertySourceConverter : Converting PropertySource servletContextInitParams [org.springframework.web.context.support.ServletContextPropertySource] to EncryptableEnumerablePropertySourceWrapper
2023-11-19T02:34:12.250-05:00  INFO 4160806 --- [    Test worker] c.u.j.EncryptablePropertySourceConverter : Converting PropertySource systemProperties [org.springframework.core.env.PropertiesPropertySource] to EncryptableMapPropertySourceWrapper
2023-11-19T02:34:12.250-05:00  INFO 4160806 --- [    Test worker] c.u.j.EncryptablePropertySourceConverter : Converting PropertySource systemEnvironment [org.springframework.boot.env.SystemEnvironmentPropertySourceEnvironmentPostProcessor$OriginAwareSystemEnvironmentPropertySource] to EncryptableSystemEnvironmentPropertySourceWrapper
2023-11-19T02:34:12.251-05:00  INFO 4160806 --- [    Test worker] c.u.j.EncryptablePropertySourceConverter : Converting PropertySource random [org.springframework.boot.env.RandomValuePropertySource] to EncryptablePropertySourceWrapper
2023-11-19T02:34:12.251-05:00  INFO 4160806 --- [    Test worker] c.u.j.EncryptablePropertySourceConverter : Converting PropertySource Config resource 'class path resource [application.properties]' via location 'optional:classpath:/' [org.springframework.boot.env.OriginTrackedMapPropertySource] to EncryptableMapPropertySourceWrapper
2023-11-19T02:34:12.490-05:00  INFO 4160806 --- [    Test worker] c.u.j.filter.DefaultLazyPropertyFilter   : Property Filter custom Bean not found with name 'encryptablePropertyFilter'. Initializing Default Property Filter
2023-11-19T02:34:12.519-05:00  INFO 4160806 --- [    Test worker] c.u.j.r.DefaultLazyPropertyResolver      : Property Resolver custom Bean not found with name 'encryptablePropertyResolver'. Initializing Default Property Resolver
2023-11-19T02:34:12.523-05:00  INFO 4160806 --- [    Test worker] c.u.j.d.DefaultLazyPropertyDetector      : Property Detector custom Bean not found with name 'encryptablePropertyDetector'. Initializing Default Property Detector
2023-11-19T02:34:12.742-05:00  INFO 4160806 --- [    Test worker] o.hibernate.jpa.internal.util.LogHelper  : HHH000204: Processing PersistenceUnitInfo [name: default]
2023-11-19T02:34:12.807-05:00  INFO 4160806 --- [    Test worker] org.hibernate.Version                    : HHH000412: Hibernate ORM core version 6.2.13.Final
2023-11-19T02:34:12.811-05:00  INFO 4160806 --- [    Test worker] org.hibernate.cfg.Environment            : HHH000406: Using bytecode reflection optimizer
2023-11-19T02:34:13.305-05:00  INFO 4160806 --- [    Test worker] o.s.o.j.p.SpringPersistenceUnitInfo      : No LoadTimeWeaver setup: ignoring JPA class transformer
2023-11-19T02:34:13.337-05:00  INFO 4160806 --- [    Test worker] com.zaxxer.hikari.HikariDataSource       : HikariPool-1 - Starting...
2023-11-19T02:34:16.110-05:00  INFO 4160806 --- [    Test worker] com.zaxxer.hikari.pool.HikariPool        : HikariPool-1 - Added connection org.postgresql.jdbc.PgConnection@319b1c77
2023-11-19T02:34:16.111-05:00  INFO 4160806 --- [    Test worker] com.zaxxer.hikari.HikariDataSource       : HikariPool-1 - Start completed.
2023-11-19T02:34:16.345-05:00  WARN 4160806 --- [    Test worker] org.hibernate.orm.deprecation            : HHH90000025: PostgreSQLDialect does not need to be specified explicitly using 'hibernate.dialect' (remove the property setting and it will be selected by default)
2023-11-19T02:34:18.099-05:00  INFO 4160806 --- [    Test worker] o.h.e.t.j.p.i.JtaPlatformInitiator       : HHH000489: No JTA platform available (set 'hibernate.transaction.jta.platform' to enable JTA platform integration)
Hibernate: create table custom_user (id bigint not null, password varchar(255) not null, username varchar(255) not null, primary key (id))
Hibernate: create table note (id bigint not null, body varchar(255), title varchar(255), user_id bigint, primary key (id))
Hibernate: alter table if exists custom_user drop constraint if exists UK_rpjvn70j5ruuv0xhwm903h2t4
2023-11-19T02:34:19.524-05:00  WARN 4160806 --- [    Test worker] o.h.engine.jdbc.spi.SqlExceptionHelper   : SQL Warning Code: 0, SQLState: 00000
2023-11-19T02:34:19.524-05:00  WARN 4160806 --- [    Test worker] o.h.engine.jdbc.spi.SqlExceptionHelper   : constraint "uk_rpjvn70j5ruuv0xhwm903h2t4" of relation "custom_user" does not exist, skipping
Hibernate: alter table if exists custom_user add constraint UK_rpjvn70j5ruuv0xhwm903h2t4 unique (username)
Hibernate: create sequence custom_user_seq start with 1 increment by 50
Hibernate: create sequence note_seq start with 1 increment by 50
Hibernate: alter table if exists note add constraint FK3pk9ca1obep36kil1ccoxq4ff foreign key (user_id) references custom_user
2023-11-19T02:34:20.314-05:00  INFO 4160806 --- [    Test worker] j.LocalContainerEntityManagerFactoryBean : Initialized JPA EntityManagerFactory for persistence unit 'default'
2023-11-19T02:34:21.001-05:00  WARN 4160806 --- [    Test worker] JpaBaseConfiguration$JpaWebConfiguration : spring.jpa.open-in-view is enabled by default. Therefore, database queries may be performed during view rendering. Explicitly configure spring.jpa.open-in-view to disable this warning
2023-11-19T02:34:21.314-05:00  INFO 4160806 --- [    Test worker] o.s.s.web.DefaultSecurityFilterChain     : Will secure any request with [org.springframework.security.web.session.DisableEncodeUrlFilter@69860811, org.springframework.security.web.context.request.async.WebAsyncManagerIntegrationFilter@3ad80206, org.springframework.security.web.context.SecurityContextHolderFilter@209f0986, org.springframework.security.web.header.HeaderWriterFilter@e14559e, org.springframework.security.web.csrf.CsrfFilter@79e33802, org.springframework.security.web.authentication.logout.LogoutFilter@6ce1cc03, org.springframework.security.web.authentication.UsernamePasswordAuthenticationFilter@14b0b7f9, org.springframework.security.web.savedrequest.RequestCacheAwareFilter@3c3a767, org.springframework.security.web.servletapi.SecurityContextHolderAwareRequestFilter@31887330, org.springframework.security.web.authentication.AnonymousAuthenticationFilter@2b4675db, org.springframework.security.web.access.ExceptionTranslationFilter@19c6e821, org.springframework.security.web.access.intercept.AuthorizationFilter@301c622d]
2023-11-19T02:34:23.021-05:00  INFO 4160806 --- [    Test worker] com.example.demo.NoteApplicationTests    : Started NoteApplicationTests in 12.964 seconds (process running for 14.982)
]]></system-out>
  <system-err><![CDATA[]]></system-err>
</testsuite>
