<?xml version="1.0" encoding="UTF-8"?>
<testsuite name="com.example.demo.NoteApplicationTests" tests="1" skipped="0" failures="0" errors="0" timestamp="2023-11-19T07:45:53" hostname="dev" time="0.699">
  <properties/>
  <testcase name="contextLoads()" classname="com.example.demo.NoteApplicationTests" time="0.699"/>
  <system-out><![CDATA[02:45:40.319 [Test worker] INFO org.springframework.test.context.support.AnnotationConfigContextLoaderUtils -- Could not detect default configuration classes for test class [com.example.demo.NoteApplicationTests]: NoteApplicationTests does not declare any static, non-private, non-final, nested classes annotated with @Configuration.
02:45:40.491 [Test worker] INFO org.springframework.boot.test.context.SpringBootTestContextBootstrapper -- Found @SpringBootConfiguration com.example.demo.NoteApplication for test class com.example.demo.NoteApplicationTests

  .   ____          _            __ _ _
 /\\ / ___'_ __ _ _(_)_ __  __ _ \ \ \ \
( ( )\___ | '_ | '_| | '_ \/ _` | \ \ \ \
 \\/  ___)| |_)| | | | | || (_| |  ) ) ) )
  '  |____| .__|_| |_|_| |_\__, | / / / /
 =========|_|==============|___/=/_/_/_/
 :: Spring Boot ::                (v3.1.5)

2023-11-19T02:45:41.017-05:00  INFO 4167732 --- [    Test worker] com.example.demo.NoteApplicationTests    : Starting NoteApplicationTests using Java 17.0.9 with PID 4167732 (started by ro in /home/ro/java/note)
2023-11-19T02:45:41.020-05:00  INFO 4167732 --- [    Test worker] com.example.demo.NoteApplicationTests    : No active profile set, falling back to 1 default profile: "default"
2023-11-19T02:45:42.386-05:00  INFO 4167732 --- [    Test worker] .s.d.r.c.RepositoryConfigurationDelegate : Bootstrapping Spring Data JPA repositories in DEFAULT mode.
2023-11-19T02:45:42.455-05:00  INFO 4167732 --- [    Test worker] .s.d.r.c.RepositoryConfigurationDelegate : Finished Spring Data repository scanning in 60 ms. Found 2 JPA repository interfaces.
2023-11-19T02:45:42.888-05:00  INFO 4167732 --- [    Test worker] ptablePropertiesBeanFactoryPostProcessor : Post-processing PropertySource instances
2023-11-19T02:45:42.890-05:00  INFO 4167732 --- [    Test worker] c.u.j.EncryptablePropertySourceConverter : Skipping PropertySource configurationProperties [class org.springframework.boot.context.properties.source.ConfigurationPropertySourcesPropertySource
2023-11-19T02:45:42.893-05:00  INFO 4167732 --- [    Test worker] c.u.j.EncryptablePropertySourceConverter : Converting PropertySource test [org.springframework.core.env.MapPropertySource] to EncryptableMapPropertySourceWrapper
2023-11-19T02:45:42.894-05:00  INFO 4167732 --- [    Test worker] c.u.j.EncryptablePropertySourceConverter : Converting PropertySource Inlined Test Properties [org.springframework.core.env.MapPropertySource] to EncryptableMapPropertySourceWrapper
2023-11-19T02:45:42.894-05:00  INFO 4167732 --- [    Test worker] c.u.j.EncryptablePropertySourceConverter : Skipping PropertySource servletConfigInitParams [class org.springframework.core.env.PropertySource$StubPropertySource
2023-11-19T02:45:42.895-05:00  INFO 4167732 --- [    Test worker] c.u.j.EncryptablePropertySourceConverter : Converting PropertySource servletContextInitParams [org.springframework.web.context.support.ServletContextPropertySource] to EncryptableEnumerablePropertySourceWrapper
2023-11-19T02:45:42.895-05:00  INFO 4167732 --- [    Test worker] c.u.j.EncryptablePropertySourceConverter : Converting PropertySource systemProperties [org.springframework.core.env.PropertiesPropertySource] to EncryptableMapPropertySourceWrapper
2023-11-19T02:45:42.895-05:00  INFO 4167732 --- [    Test worker] c.u.j.EncryptablePropertySourceConverter : Converting PropertySource systemEnvironment [org.springframework.boot.env.SystemEnvironmentPropertySourceEnvironmentPostProcessor$OriginAwareSystemEnvironmentPropertySource] to EncryptableSystemEnvironmentPropertySourceWrapper
2023-11-19T02:45:42.896-05:00  INFO 4167732 --- [    Test worker] c.u.j.EncryptablePropertySourceConverter : Converting PropertySource random [org.springframework.boot.env.RandomValuePropertySource] to EncryptablePropertySourceWrapper
2023-11-19T02:45:42.896-05:00  INFO 4167732 --- [    Test worker] c.u.j.EncryptablePropertySourceConverter : Converting PropertySource Config resource 'class path resource [application.properties]' via location 'optional:classpath:/' [org.springframework.boot.env.OriginTrackedMapPropertySource] to EncryptableMapPropertySourceWrapper
2023-11-19T02:45:43.078-05:00  INFO 4167732 --- [    Test worker] c.u.j.filter.DefaultLazyPropertyFilter   : Property Filter custom Bean not found with name 'encryptablePropertyFilter'. Initializing Default Property Filter
2023-11-19T02:45:43.099-05:00  INFO 4167732 --- [    Test worker] c.u.j.r.DefaultLazyPropertyResolver      : Property Resolver custom Bean not found with name 'encryptablePropertyResolver'. Initializing Default Property Resolver
2023-11-19T02:45:43.102-05:00  INFO 4167732 --- [    Test worker] c.u.j.d.DefaultLazyPropertyDetector      : Property Detector custom Bean not found with name 'encryptablePropertyDetector'. Initializing Default Property Detector
2023-11-19T02:45:43.113-05:00  INFO 4167732 --- [    Test worker] c.u.j.encryptor.DefaultLazyEncryptor     : String Encryptor custom Bean not found with name 'jasyptStringEncryptor'. Initializing Default String Encryptor
2023-11-19T02:45:43.128-05:00  INFO 4167732 --- [    Test worker] c.u.j.c.StringEncryptorBuilder           : Encryptor config not found for property jasypt.encryptor.key-obtention-iterations, using default value: 1000
2023-11-19T02:45:43.129-05:00  INFO 4167732 --- [    Test worker] c.u.j.c.StringEncryptorBuilder           : Encryptor config not found for property jasypt.encryptor.pool-size, using default value: 1
2023-11-19T02:45:43.129-05:00  INFO 4167732 --- [    Test worker] c.u.j.c.StringEncryptorBuilder           : Encryptor config not found for property jasypt.encryptor.provider-name, using default value: null
2023-11-19T02:45:43.130-05:00  INFO 4167732 --- [    Test worker] c.u.j.c.StringEncryptorBuilder           : Encryptor config not found for property jasypt.encryptor.provider-class-name, using default value: null
2023-11-19T02:45:43.131-05:00  INFO 4167732 --- [    Test worker] c.u.j.c.StringEncryptorBuilder           : Encryptor config not found for property jasypt.encryptor.salt-generator-classname, using default value: org.jasypt.salt.RandomSaltGenerator
2023-11-19T02:45:43.134-05:00  INFO 4167732 --- [    Test worker] c.u.j.c.StringEncryptorBuilder           : Encryptor config not found for property jasypt.encryptor.string-output-type, using default value: base64
2023-11-19T02:45:43.390-05:00  INFO 4167732 --- [    Test worker] o.hibernate.jpa.internal.util.LogHelper  : HHH000204: Processing PersistenceUnitInfo [name: default]
2023-11-19T02:45:43.467-05:00  INFO 4167732 --- [    Test worker] org.hibernate.Version                    : HHH000412: Hibernate ORM core version 6.2.13.Final
2023-11-19T02:45:43.471-05:00  INFO 4167732 --- [    Test worker] org.hibernate.cfg.Environment            : HHH000406: Using bytecode reflection optimizer
2023-11-19T02:45:43.834-05:00  INFO 4167732 --- [    Test worker] o.s.o.j.p.SpringPersistenceUnitInfo      : No LoadTimeWeaver setup: ignoring JPA class transformer
2023-11-19T02:45:43.867-05:00  INFO 4167732 --- [    Test worker] com.zaxxer.hikari.HikariDataSource       : HikariPool-1 - Starting...
2023-11-19T02:45:46.298-05:00  INFO 4167732 --- [    Test worker] com.zaxxer.hikari.pool.HikariPool        : HikariPool-1 - Added connection org.postgresql.jdbc.PgConnection@323efafe
2023-11-19T02:45:46.300-05:00  INFO 4167732 --- [    Test worker] com.zaxxer.hikari.HikariDataSource       : HikariPool-1 - Start completed.
2023-11-19T02:45:46.602-05:00  WARN 4167732 --- [    Test worker] org.hibernate.orm.deprecation            : HHH90000025: PostgreSQLDialect does not need to be specified explicitly using 'hibernate.dialect' (remove the property setting and it will be selected by default)
2023-11-19T02:45:48.283-05:00  INFO 4167732 --- [    Test worker] o.h.e.t.j.p.i.JtaPlatformInitiator       : HHH000489: No JTA platform available (set 'hibernate.transaction.jta.platform' to enable JTA platform integration)
2023-11-19T02:45:50.226-05:00  INFO 4167732 --- [    Test worker] j.LocalContainerEntityManagerFactoryBean : Initialized JPA EntityManagerFactory for persistence unit 'default'
2023-11-19T02:45:50.944-05:00  WARN 4167732 --- [    Test worker] JpaBaseConfiguration$JpaWebConfiguration : spring.jpa.open-in-view is enabled by default. Therefore, database queries may be performed during view rendering. Explicitly configure spring.jpa.open-in-view to disable this warning
2023-11-19T02:45:51.271-05:00  INFO 4167732 --- [    Test worker] o.s.s.web.DefaultSecurityFilterChain     : Will secure any request with [org.springframework.security.web.session.DisableEncodeUrlFilter@31d791c0, org.springframework.security.web.context.request.async.WebAsyncManagerIntegrationFilter@623c9988, org.springframework.security.web.context.SecurityContextHolderFilter@2cc82c83, org.springframework.security.web.header.HeaderWriterFilter@7715d43c, org.springframework.security.web.csrf.CsrfFilter@7aa5292d, org.springframework.security.web.authentication.logout.LogoutFilter@5dfb078, org.springframework.security.web.authentication.UsernamePasswordAuthenticationFilter@671c71e8, org.springframework.security.web.savedrequest.RequestCacheAwareFilter@5f3bc119, org.springframework.security.web.servletapi.SecurityContextHolderAwareRequestFilter@765d67dd, org.springframework.security.web.authentication.AnonymousAuthenticationFilter@66ab3716, org.springframework.security.web.access.ExceptionTranslationFilter@120661d2, org.springframework.security.web.access.intercept.AuthorizationFilter@70a8654]
2023-11-19T02:45:53.037-05:00  INFO 4167732 --- [    Test worker] com.example.demo.NoteApplicationTests    : Started NoteApplicationTests in 12.359 seconds (process running for 14.187)
]]></system-out>
  <system-err><![CDATA[]]></system-err>
</testsuite>
