<?xml version="1.0" encoding="UTF-8"?>
<testsuite name="com.example.demo.NoteApplicationTests" tests="1" skipped="0" failures="0" errors="0" timestamp="2023-12-12T10:52:46" hostname="dev" time="0.841">
  <properties/>
  <testcase name="contextLoads()" classname="com.example.demo.NoteApplicationTests" time="0.841"/>
  <system-out><![CDATA[05:52:38.750 [Test worker] INFO org.springframework.test.context.support.AnnotationConfigContextLoaderUtils -- Could not detect default configuration classes for test class [com.example.demo.NoteApplicationTests]: NoteApplicationTests does not declare any static, non-private, non-final, nested classes annotated with @Configuration.
05:52:38.909 [Test worker] INFO org.springframework.boot.test.context.SpringBootTestContextBootstrapper -- Found @SpringBootConfiguration com.example.demo.NoteApplication for test class com.example.demo.NoteApplicationTests

  .   ____          _            __ _ _
 /\\ / ___'_ __ _ _(_)_ __  __ _ \ \ \ \
( ( )\___ | '_ | '_| | '_ \/ _` | \ \ \ \
 \\/  ___)| |_)| | | | | || (_| |  ) ) ) )
  '  |____| .__|_| |_|_| |_\__, | / / / /
 =========|_|==============|___/=/_/_/_/
 :: Spring Boot ::                (v3.1.5)

2023-12-12T05:52:39.454-05:00  INFO 38067 --- [    Test worker] com.example.demo.NoteApplicationTests    : Starting NoteApplicationTests using Java 17.0.9 with PID 38067 (started by ro in /home/ro/java/note)
2023-12-12T05:52:39.457-05:00  INFO 38067 --- [    Test worker] com.example.demo.NoteApplicationTests    : No active profile set, falling back to 1 default profile: "default"
2023-12-12T05:52:40.874-05:00  INFO 38067 --- [    Test worker] .s.d.r.c.RepositoryConfigurationDelegate : Bootstrapping Spring Data JPA repositories in DEFAULT mode.
2023-12-12T05:52:40.971-05:00  INFO 38067 --- [    Test worker] .s.d.r.c.RepositoryConfigurationDelegate : Finished Spring Data repository scanning in 86 ms. Found 2 JPA repository interfaces.
2023-12-12T05:52:41.368-05:00  INFO 38067 --- [    Test worker] ptablePropertiesBeanFactoryPostProcessor : Post-processing PropertySource instances
2023-12-12T05:52:41.369-05:00  INFO 38067 --- [    Test worker] c.u.j.EncryptablePropertySourceConverter : Skipping PropertySource configurationProperties [class org.springframework.boot.context.properties.source.ConfigurationPropertySourcesPropertySource
2023-12-12T05:52:41.372-05:00  INFO 38067 --- [    Test worker] c.u.j.EncryptablePropertySourceConverter : Converting PropertySource test [org.springframework.core.env.MapPropertySource] to EncryptableMapPropertySourceWrapper
2023-12-12T05:52:41.373-05:00  INFO 38067 --- [    Test worker] c.u.j.EncryptablePropertySourceConverter : Converting PropertySource Inlined Test Properties [org.springframework.core.env.MapPropertySource] to EncryptableMapPropertySourceWrapper
2023-12-12T05:52:41.373-05:00  INFO 38067 --- [    Test worker] c.u.j.EncryptablePropertySourceConverter : Skipping PropertySource servletConfigInitParams [class org.springframework.core.env.PropertySource$StubPropertySource
2023-12-12T05:52:41.374-05:00  INFO 38067 --- [    Test worker] c.u.j.EncryptablePropertySourceConverter : Converting PropertySource servletContextInitParams [org.springframework.web.context.support.ServletContextPropertySource] to EncryptableEnumerablePropertySourceWrapper
2023-12-12T05:52:41.374-05:00  INFO 38067 --- [    Test worker] c.u.j.EncryptablePropertySourceConverter : Converting PropertySource systemProperties [org.springframework.core.env.PropertiesPropertySource] to EncryptableMapPropertySourceWrapper
2023-12-12T05:52:41.374-05:00  INFO 38067 --- [    Test worker] c.u.j.EncryptablePropertySourceConverter : Converting PropertySource systemEnvironment [org.springframework.boot.env.SystemEnvironmentPropertySourceEnvironmentPostProcessor$OriginAwareSystemEnvironmentPropertySource] to EncryptableSystemEnvironmentPropertySourceWrapper
2023-12-12T05:52:41.375-05:00  INFO 38067 --- [    Test worker] c.u.j.EncryptablePropertySourceConverter : Converting PropertySource random [org.springframework.boot.env.RandomValuePropertySource] to EncryptablePropertySourceWrapper
2023-12-12T05:52:41.375-05:00  INFO 38067 --- [    Test worker] c.u.j.EncryptablePropertySourceConverter : Converting PropertySource Config resource 'class path resource [application.properties]' via location 'optional:classpath:/' [org.springframework.boot.env.OriginTrackedMapPropertySource] to EncryptableMapPropertySourceWrapper
2023-12-12T05:52:41.589-05:00  INFO 38067 --- [    Test worker] c.u.j.filter.DefaultLazyPropertyFilter   : Property Filter custom Bean not found with name 'encryptablePropertyFilter'. Initializing Default Property Filter
2023-12-12T05:52:41.609-05:00  INFO 38067 --- [    Test worker] c.u.j.r.DefaultLazyPropertyResolver      : Property Resolver custom Bean not found with name 'encryptablePropertyResolver'. Initializing Default Property Resolver
2023-12-12T05:52:41.612-05:00  INFO 38067 --- [    Test worker] c.u.j.d.DefaultLazyPropertyDetector      : Property Detector custom Bean not found with name 'encryptablePropertyDetector'. Initializing Default Property Detector
2023-12-12T05:52:41.815-05:00  INFO 38067 --- [    Test worker] o.hibernate.jpa.internal.util.LogHelper  : HHH000204: Processing PersistenceUnitInfo [name: default]
2023-12-12T05:52:41.890-05:00  INFO 38067 --- [    Test worker] org.hibernate.Version                    : HHH000412: Hibernate ORM core version 6.2.13.Final
2023-12-12T05:52:41.893-05:00  INFO 38067 --- [    Test worker] org.hibernate.cfg.Environment            : HHH000406: Using bytecode reflection optimizer
2023-12-12T05:52:42.297-05:00  INFO 38067 --- [    Test worker] o.s.o.j.p.SpringPersistenceUnitInfo      : No LoadTimeWeaver setup: ignoring JPA class transformer
2023-12-12T05:52:42.336-05:00  INFO 38067 --- [    Test worker] com.zaxxer.hikari.HikariDataSource       : HikariPool-1 - Starting...
2023-12-12T05:52:42.851-05:00  INFO 38067 --- [    Test worker] com.zaxxer.hikari.pool.HikariPool        : HikariPool-1 - Added connection org.postgresql.jdbc.PgConnection@43f99817
2023-12-12T05:52:42.854-05:00  INFO 38067 --- [    Test worker] com.zaxxer.hikari.HikariDataSource       : HikariPool-1 - Start completed.
2023-12-12T05:52:42.901-05:00  WARN 38067 --- [    Test worker] org.hibernate.orm.deprecation            : HHH90000025: PostgreSQLDialect does not need to be specified explicitly using 'hibernate.dialect' (remove the property setting and it will be selected by default)
2023-12-12T05:52:44.194-05:00  INFO 38067 --- [    Test worker] o.h.e.t.j.p.i.JtaPlatformInitiator       : HHH000489: No JTA platform available (set 'hibernate.transaction.jta.platform' to enable JTA platform integration)
2023-12-12T05:52:44.269-05:00  INFO 38067 --- [    Test worker] j.LocalContainerEntityManagerFactoryBean : Initialized JPA EntityManagerFactory for persistence unit 'default'
2023-12-12T05:52:45.048-05:00  WARN 38067 --- [    Test worker] JpaBaseConfiguration$JpaWebConfiguration : spring.jpa.open-in-view is enabled by default. Therefore, database queries may be performed during view rendering. Explicitly configure spring.jpa.open-in-view to disable this warning
2023-12-12T05:52:45.352-05:00  INFO 38067 --- [    Test worker] o.s.s.web.DefaultSecurityFilterChain     : Will secure any request with [org.springframework.security.web.session.DisableEncodeUrlFilter@3ede428e, org.springframework.security.web.context.request.async.WebAsyncManagerIntegrationFilter@70a8654, org.springframework.security.web.context.SecurityContextHolderFilter@36618b3b, org.springframework.security.web.header.HeaderWriterFilter@439054a7, org.springframework.security.web.csrf.CsrfFilter@60c33609, org.springframework.security.web.authentication.logout.LogoutFilter@63767d, org.springframework.security.web.authentication.UsernamePasswordAuthenticationFilter@27f8f1cc, org.springframework.security.web.savedrequest.RequestCacheAwareFilter@3763aafd, org.springframework.security.web.servletapi.SecurityContextHolderAwareRequestFilter@2cc82c83, org.springframework.security.web.authentication.AnonymousAuthenticationFilter@671c71e8, org.springframework.security.web.access.ExceptionTranslationFilter@3d3c14c3, org.springframework.security.web.access.intercept.AuthorizationFilter@5fdcc63f]
2023-12-12T05:52:46.961-05:00  INFO 38067 --- [    Test worker] com.example.demo.NoteApplicationTests    : Started NoteApplicationTests in 7.862 seconds (process running for 10.09)
]]></system-out>
  <system-err><![CDATA[]]></system-err>
</testsuite>
